0 info it worked if it ends with ok
1 verbose cli [ '/usr/bin/node', '/usr/bin/npm', 'owner', 'ls', 'vuemongo' ]
2 info using npm@3.5.2
3 info using node@v8.10.0
4 silly mapToRegistry name vuemongo
5 silly mapToRegistry using default registry
6 silly mapToRegistry registry https://registry.npmjs.org/
7 silly mapToRegistry uri https://registry.npmjs.org/vuemongo
8 verbose request uri https://registry.npmjs.org/vuemongo
9 verbose request no auth needed
10 info attempt registry request try #1 at 18:08:52
11 verbose request id 1bcde44b357ee3d5
12 http request GET https://registry.npmjs.org/vuemongo
13 http 404 https://registry.npmjs.org/vuemongo
14 verbose headers { date: 'Tue, 24 Mar 2020 17:08:50 GMT',
14 verbose headers   'content-type': 'application/json',
14 verbose headers   'content-length': '21',
14 verbose headers   connection: 'keep-alive',
14 verbose headers   'set-cookie':
14 verbose headers    [ '__cfduid=d5af15c2f6a580d918711f4da28d2f2681585069730; expires=Thu, 23-Apr-20 17:08:50 GMT; path=/; domain=.npmjs.org; HttpOnly; SameSite=Lax' ],
14 verbose headers   'cf-ray': '5791ff152ae5bd68-CDG',
14 verbose headers   vary: 'Accept-Encoding',
14 verbose headers   'cf-cache-status': 'EXPIRED',
14 verbose headers   'expect-ct': 'max-age=604800, report-uri="https://report-uri.cloudflare.com/cdn-cgi/beacon/expect-ct"',
14 verbose headers   server: 'cloudflare' }
15 silly get cb [ 404,
15 silly get   { date: 'Tue, 24 Mar 2020 17:08:50 GMT',
15 silly get     'content-type': 'application/json',
15 silly get     'content-length': '21',
15 silly get     connection: 'keep-alive',
15 silly get     'set-cookie':
15 silly get      [ '__cfduid=d5af15c2f6a580d918711f4da28d2f2681585069730; expires=Thu, 23-Apr-20 17:08:50 GMT; path=/; domain=.npmjs.org; HttpOnly; SameSite=Lax' ],
15 silly get     'cf-ray': '5791ff152ae5bd68-CDG',
15 silly get     vary: 'Accept-Encoding',
15 silly get     'cf-cache-status': 'EXPIRED',
15 silly get     'expect-ct': 'max-age=604800, report-uri="https://report-uri.cloudflare.com/cdn-cgi/beacon/expect-ct"',
15 silly get     server: 'cloudflare' } ]
16 error owner ls Couldn't get owner data vuemongo
17 verbose stack Error: Not found : vuemongo
17 verbose stack     at makeError (/usr/share/npm/node_modules/npm-registry-client/lib/request.js:264:12)
17 verbose stack     at CachingRegistryClient.<anonymous> (/usr/share/npm/node_modules/npm-registry-client/lib/request.js:252:14)
17 verbose stack     at Request._callback (/usr/share/npm/node_modules/npm-registry-client/lib/request.js:172:14)
17 verbose stack     at Request.self.callback (/usr/share/npm/node_modules/request/request.js:198:22)
17 verbose stack     at emitTwo (events.js:126:13)
17 verbose stack     at Request.emit (events.js:214:7)
17 verbose stack     at Request.<anonymous> (/usr/share/npm/node_modules/request/request.js:1082:10)
17 verbose stack     at emitOne (events.js:121:20)
17 verbose stack     at Request.emit (events.js:211:7)
17 verbose stack     at IncomingMessage.<anonymous> (/usr/share/npm/node_modules/request/request.js:1009:12)
18 verbose statusCode 404
19 verbose pkgid vuemongo
20 verbose cwd /home/ewillian/Documents/VueMongo/app
21 error Linux 5.3.0-28-generic
22 error argv "/usr/bin/node" "/usr/bin/npm" "owner" "ls" "vuemongo"
23 error node v8.10.0
24 error npm  v3.5.2
25 error code E404
26 error 404 Not found : vuemongo
27 error 404
28 error 404 'vuemongo' is not in the npm registry.
29 error 404 You should bug the author to publish it (or use the name yourself!)
30 error 404 Note that you can also install from a
31 error 404 tarball, folder, http url, or git url.
32 verbose exit [ 1, true ]
